{"D:\\storage\\project\\training-projects\\react\\src\\lesson_1\\mathOperation.ts": {"path":"D:\\storage\\project\\training-projects\\react\\src\\lesson_1\\mathOperation.ts","statementMap":{"0":{"start":{"line":2,"column":4},"end":{"line":2,"column":17}}},"fnMap":{"0":{"name":"mul","decl":{"start":{"line":1,"column":16},"end":{"line":1,"column":19}},"loc":{"start":{"line":1,"column":50},"end":{"line":3,"column":1}},"line":1}},"branchMap":{},"s":{"0":2},"f":{"0":2},"b":{},"_coverageSchema":"1a1c01bbd47fc00a2c39e90264f33305004495a9","hash":"86454d58540ad10c11ecf8261ce21fe6f6d9d77b"}
}
